{
  "RSpec": {
    "coverage": {
      "/home/francisco/Documents/gerlab-api/lib/api_version_constraint.rb": [
        1,
        1,
        2,
        2,
        null,
        null,
        1,
        103,
        null,
        null
      ],
      "/home/francisco/Documents/gerlab-api/app/models/user.rb": [
        1,
        null,
        null,
        1,
        null,
        null,
        1,
        null,
        null,
        1,
        1,
        null,
        1,
        null,
        null,
        1,
        1,
        null,
        null,
        1,
        null,
        104,
        103,
        null,
        null
      ],
      "/home/francisco/Documents/gerlab-api/app/models/application_record.rb": [
        1,
        1,
        null
      ],
      "/home/francisco/Documents/gerlab-api/app/controllers/concerns/authenticable.rb": [
        1,
        1,
        82,
        null,
        null,
        1,
        27,
        null,
        null,
        1,
        29,
        null,
        null
      ],
      "/home/francisco/Documents/gerlab-api/app/controllers/application_controller.rb": [
        1,
        1,
        null,
        1,
        null,
        1,
        19,
        19,
        null,
        null
      ],
      "/home/francisco/Documents/gerlab-api/app/models/course.rb": [
        1,
        1,
        null
      ],
      "/home/francisco/Documents/gerlab-api/app/models/discipline.rb": [
        1,
        null,
        null
      ],
      "/home/francisco/Documents/gerlab-api/app/models/event.rb": [
        1,
        null
      ],
      "/home/francisco/Documents/gerlab-api/app/models/memory.rb": [
        1,
        null
      ],
      "/home/francisco/Documents/gerlab-api/app/models/processor.rb": [
        1,
        null
      ],
      "/home/francisco/Documents/gerlab-api/app/models/shift.rb": [
        1,
        null
      ],
      "/home/francisco/Documents/gerlab-api/app/models/software.rb": [
        1,
        null
      ],
      "/home/francisco/Documents/gerlab-api/app/models/task.rb": [
        1,
        1,
        null,
        1,
        null
      ],
      "/home/francisco/Documents/gerlab-api/app/models/video_card.rb": [
        1,
        null
      ],
      "/home/francisco/Documents/gerlab-api/app/controllers/api/v1/sessions_controller.rb": [
        1,
        1,
        4,
        null,
        4,
        2,
        2,
        2,
        2,
        null,
        2,
        null,
        null,
        null,
        1,
        2,
        2,
        2,
        2,
        null,
        null,
        null,
        1,
        null,
        1,
        8,
        null,
        null
      ],
      "/home/francisco/Documents/gerlab-api/app/controllers/api/v1/base_controller.rb": [
        1,
        1,
        null
      ],
      "/home/francisco/Documents/gerlab-api/app/controllers/api/v1/tasks_controller.rb": [
        1,
        1,
        null,
        1,
        2,
        2,
        null,
        null,
        1,
        2,
        2,
        null,
        null,
        1,
        7,
        null,
        7,
        4,
        null,
        3,
        null,
        null,
        null,
        1,
        6,
        null,
        6,
        3,
        null,
        3,
        null,
        null,
        null,
        1,
        2,
        2,
        2,
        null,
        null,
        null,
        1,
        null,
        1,
        13,
        null,
        null,
        null
      ],
      "/home/francisco/Documents/gerlab-api/app/controllers/api/v2/tasks_controller.rb": [
        1,
        1,
        null,
        null,
        null,
        null,
        null,
        null,
        null,
        null,
        null,
        null,
        1,
        3,
        3,
        null,
        null,
        null,
        null,
        null,
        null,
        null,
        null,
        1,
        2,
        2,
        null,
        null,
        1,
        7,
        null,
        7,
        4,
        null,
        3,
        null,
        null,
        null,
        1,
        6,
        null,
        6,
        3,
        null,
        3,
        null,
        null,
        null,
        1,
        2,
        2,
        2,
        null,
        null,
        null,
        1,
        null,
        1,
        13,
        null,
        null,
        null
      ],
      "/home/francisco/Documents/gerlab-api/app/controllers/api/v2/base_controller.rb": [
        1,
        1,
        null,
        null
      ],
      "/home/francisco/Documents/gerlab-api/app/serializers/api/v2/task_serializer.rb": [
        1,
        1,
        null,
        null,
        null,
        1,
        21,
        null,
        null,
        1,
        21,
        null,
        null,
        1,
        21,
        null,
        null,
        1,
        null
      ],
      "/home/francisco/Documents/gerlab-api/app/controllers/api/v1/users_controller.rb": [
        1,
        1,
        null,
        1,
        null,
        4,
        null,
        3,
        2,
        null,
        1,
        null,
        null,
        null,
        1,
        4,
        null,
        4,
        2,
        null,
        2,
        null,
        null,
        null,
        1,
        4,
        null,
        4,
        2,
        null,
        2,
        null,
        null,
        null,
        1,
        2,
        2,
        null,
        null,
        1,
        null,
        1,
        8,
        null,
        null
      ],
      "/home/francisco/Documents/gerlab-api/app/controllers/api/v2/courses_controller.rb": [
        1,
        1,
        null,
        1,
        null,
        1,
        2,
        2,
        null,
        null,
        3,
        null,
        2,
        2,
        null,
        0,
        null,
        null,
        null,
        1,
        3,
        null,
        3,
        3,
        null,
        0,
        null,
        null,
        null,
        1,
        0,
        null,
        0,
        0,
        null,
        0,
        null,
        null,
        null,
        1,
        2,
        2,
        2,
        null,
        null,
        1,
        null,
        1,
        3,
        null,
        null
      ],
      "/home/francisco/Documents/gerlab-api/app/serializers/api/v2/course_serializer.rb": [
        1,
        1,
        null,
        null
      ],
      "/home/francisco/Documents/gerlab-api/app/channels/application_cable/connection.rb": [
        0,
        0,
        0,
        0
      ],
      "/home/francisco/Documents/gerlab-api/app/channels/application_cable/channel.rb": [
        0,
        0,
        0,
        0
      ],
      "/home/francisco/Documents/gerlab-api/app/jobs/application_job.rb": [
        0,
        0
      ],
      "/home/francisco/Documents/gerlab-api/app/serializers/api/v2/memory_serializer.rb": [
        0,
        0,
        null,
        0
      ],
      "/home/francisco/Documents/gerlab-api/app/serializers/api/v2/user_serializer.rb": [
        0,
        0,
        0
      ],
      "/home/francisco/Documents/gerlab-api/app/serializers/api/v2/video_card_serializer.rb": [
        0,
        0,
        null,
        0
      ],
      "/home/francisco/Documents/gerlab-api/app/serializers/api/v2/discipline_serializer.rb": [
        0,
        0,
        null,
        0,
        0
      ],
      "/home/francisco/Documents/gerlab-api/app/serializers/api/v2/laboratory_serializer.rb": [
        0,
        0,
        0,
        null,
        0,
        0,
        0,
        null,
        0,
        0,
        0,
        null,
        0,
        0,
        0,
        null,
        0,
        0
      ],
      "/home/francisco/Documents/gerlab-api/app/serializers/api/v2/processor_serializer.rb": [
        0,
        0,
        null,
        0
      ],
      "/home/francisco/Documents/gerlab-api/app/docs/rswagConfig.rb": [
        null,
        0,
        null,
        0,
        null,
        0,
        null,
        0,
        0,
        0,
        0,
        0,
        0,
        0,
        null,
        0,
        0,
        0,
        null,
        0,
        0,
        0,
        0,
        null,
        0,
        0,
        0,
        0,
        0,
        0,
        null,
        0,
        null,
        0,
        0,
        0,
        0,
        null,
        0,
        0,
        0,
        0,
        0,
        0,
        0,
        0,
        0,
        null,
        0,
        0,
        0,
        null,
        0,
        0,
        0,
        0,
        0,
        0,
        0
      ],
      "/home/francisco/Documents/gerlab-api/app/controllers/api/v2/laboratories_controller.rb": [
        0,
        0,
        null,
        0,
        0,
        0,
        0,
        null,
        0,
        0,
        0,
        0,
        null,
        0,
        0,
        null,
        0,
        0,
        0,
        0,
        0,
        0,
        null,
        0,
        0,
        null,
        0,
        0,
        0,
        0,
        0,
        0,
        null,
        0,
        0,
        0,
        0,
        0,
        null,
        null,
        0,
        null,
        0,
        0,
        0,
        null,
        0
      ],
      "/home/francisco/Documents/gerlab-api/app/controllers/api/v2/processors_controller.rb": [
        0,
        0,
        null,
        0,
        null,
        0,
        0,
        0,
        0,
        null,
        0,
        0,
        0,
        0,
        0,
        0,
        0,
        0,
        null,
        0,
        0,
        null,
        0,
        0,
        0,
        0,
        0,
        0,
        null,
        0,
        0,
        null,
        0,
        0,
        0,
        0,
        0,
        0,
        null,
        0,
        0,
        0,
        0,
        0,
        null,
        0,
        null,
        0,
        0,
        0,
        0
      ],
      "/home/francisco/Documents/gerlab-api/app/controllers/api/v2/video_cards_controller.rb": [
        0,
        0,
        null,
        0,
        null,
        0,
        0,
        0,
        0,
        null,
        0,
        0,
        0,
        0,
        0,
        0,
        0,
        0,
        null,
        0,
        0,
        null,
        0,
        0,
        0,
        0,
        0,
        0,
        null,
        0,
        0,
        null,
        0,
        0,
        0,
        0,
        0,
        0,
        null,
        0,
        0,
        0,
        0,
        0,
        null,
        0,
        null,
        0,
        0,
        0,
        0
      ],
      "/home/francisco/Documents/gerlab-api/app/controllers/api/v2/memories_controller.rb": [
        0,
        0,
        null,
        0,
        null,
        0,
        0,
        0,
        0,
        null,
        0,
        0,
        0,
        0,
        0,
        0,
        0,
        0,
        null,
        0,
        0,
        null,
        0,
        0,
        0,
        0,
        0,
        0,
        null,
        0,
        0,
        null,
        0,
        0,
        0,
        0,
        0,
        0,
        null,
        0,
        0,
        0,
        0,
        0,
        null,
        0,
        null,
        0,
        0,
        0,
        0
      ],
      "/home/francisco/Documents/gerlab-api/app/controllers/api/v2/disciplines_controller.rb": [
        0,
        0,
        null,
        0,
        null,
        0,
        0,
        0,
        0,
        null,
        0,
        0,
        0,
        0,
        0,
        0,
        0,
        0,
        null,
        0,
        0,
        null,
        0,
        0,
        0,
        0,
        0,
        0,
        null,
        0,
        0,
        null,
        0,
        0,
        0,
        0,
        0,
        0,
        null,
        0,
        0,
        0,
        0,
        0,
        null,
        0,
        null,
        0,
        0,
        0,
        0
      ],
      "/home/francisco/Documents/gerlab-api/app/mailers/application_mailer.rb": [
        0,
        0,
        0,
        0
      ]
    },
    "timestamp": 1561415101
  }
}
